2025-04-09 17:28:05 [INFO]: Login attempt for email: dangkhoa2k30@gmail.com
2025-04-09 17:28:05 [WARN]: Login failed: Invalid password for email: dangkhoa2k30@gmail.com
2025-04-09 17:28:08 [INFO]: Login attempt for email: dangkhoa2k30@gmail.com
2025-04-09 17:28:08 [WARN]: Login failed: Invalid password for email: dangkhoa2k30@gmail.com
2025-04-09 17:28:45 [INFO]: Login attempt for email: phammanhtuan1808@gmail.com
2025-04-09 17:28:45 [WARN]: Login failed: Invalid password for email: phammanhtuan1808@gmail.com
2025-04-09 17:28:47 [INFO]: Login attempt for email: phammanhtuan1808@gmail.com
2025-04-09 17:28:48 [WARN]: Login failed: Invalid password for email: phammanhtuan1808@gmail.com
2025-04-09 17:28:48 [INFO]: Login attempt for email: phammanhtuan1808@gmail.com
2025-04-09 17:28:48 [WARN]: Login failed: Invalid password for email: phammanhtuan1808@gmail.com
2025-04-09 17:28:49 [INFO]: Login attempt for email: phammanhtuan1808@gmail.com
2025-04-09 17:28:49 [WARN]: Login failed: Invalid password for email: phammanhtuan1808@gmail.com
2025-04-09 17:29:00 [INFO]: Login attempt for email: phammanhtuan1808@gmail.com
2025-04-09 17:29:00 [INFO]: Creating session for user ID: 67f632021416c5331aa7b5ee
2025-04-09 17:29:00 [INFO]: Signing tokens for user ID: 67f632021416c5331aa7b5ee
2025-04-09 17:29:00 [INFO]: Login successful for user ID: 67f632021416c5331aa7b5ee
2025-04-09 17:37:31 [INFO]: Login attempt for email: dangkhoa2k30@gmail.com
2025-04-09 17:37:31 [WARN]: Login failed: Invalid password for email: dangkhoa2k30@gmail.com
2025-04-09 17:37:31 [INFO]: Login attempt for email: dangkhoa2k30@gmail.com
2025-04-09 17:37:31 [WARN]: Login failed: Invalid password for email: dangkhoa2k30@gmail.com
2025-04-09 17:37:32 [INFO]: Login attempt for email: dangkhoa2k30@gmail.com
2025-04-09 17:37:32 [WARN]: Login failed: Invalid password for email: dangkhoa2k30@gmail.com
2025-04-09 17:37:34 [INFO]: Login attempt for email: dangkhoa2k30@gmail.com
2025-04-09 17:37:34 [WARN]: Login failed: Invalid password for email: dangkhoa2k30@gmail.com
2025-04-09 17:37:40 [INFO]: Login attempt for email: dangkhoa2k30@gmail.com
2025-04-09 17:37:41 [WARN]: Login failed: Invalid password for email: dangkhoa2k30@gmail.com
2025-04-09 17:38:00 [INFO]: Login attempt for email: dangkhoa2k30@gmail.com
2025-04-09 17:38:00 [WARN]: Login failed: Invalid password for email: dangkhoa2k30@gmail.com
2025-04-09 17:38:01 [INFO]: Login attempt for email: dangkhoa2k30@gmail.com
2025-04-09 17:38:01 [WARN]: Login failed: Invalid password for email: dangkhoa2k30@gmail.com
2025-04-09 17:38:01 [INFO]: Login attempt for email: dangkhoa2k30@gmail.com
2025-04-09 17:38:02 [WARN]: Login failed: Invalid password for email: dangkhoa2k30@gmail.com
2025-04-09 17:38:02 [INFO]: Login attempt for email: dangkhoa2k30@gmail.com
2025-04-09 17:38:02 [WARN]: Login failed: Invalid password for email: dangkhoa2k30@gmail.com
2025-04-09 17:38:02 [INFO]: Login attempt for email: dangkhoa2k30@gmail.com
2025-04-09 17:38:02 [WARN]: Login failed: Invalid password for email: dangkhoa2k30@gmail.com
2025-04-09 17:38:02 [INFO]: Login attempt for email: dangkhoa2k30@gmail.com
2025-04-09 17:38:03 [WARN]: Login failed: Invalid password for email: dangkhoa2k30@gmail.com
2025-04-09 17:38:03 [INFO]: Login attempt for email: dangkhoa2k30@gmail.com
2025-04-09 17:38:03 [WARN]: Login failed: Invalid password for email: dangkhoa2k30@gmail.com
2025-04-09 17:38:03 [INFO]: Login attempt for email: dangkhoa2k30@gmail.com
2025-04-09 17:38:03 [WARN]: Login failed: Invalid password for email: dangkhoa2k30@gmail.com
2025-04-09 17:38:04 [INFO]: Login attempt for email: dangkhoa2k30@gmail.com
2025-04-09 17:38:04 [WARN]: Login failed: Invalid password for email: dangkhoa2k30@gmail.com
2025-04-09 17:38:04 [INFO]: Login attempt for email: dangkhoa2k30@gmail.com
2025-04-09 17:38:04 [WARN]: Login failed: Invalid password for email: dangkhoa2k30@gmail.com
2025-04-09 17:38:04 [INFO]: Login attempt for email: dangkhoa2k30@gmail.com
2025-04-09 17:38:04 [WARN]: Login failed: Invalid password for email: dangkhoa2k30@gmail.com
2025-04-09 17:38:05 [INFO]: Login attempt for email: dangkhoa2k30@gmail.com
2025-04-09 17:38:05 [WARN]: Login failed: Invalid password for email: dangkhoa2k30@gmail.com
2025-04-09 17:38:05 [INFO]: Login attempt for email: dangkhoa2k30@gmail.com
2025-04-09 17:38:05 [WARN]: Login failed: Invalid password for email: dangkhoa2k30@gmail.com
2025-04-09 17:38:05 [INFO]: Login attempt for email: dangkhoa2k30@gmail.com
2025-04-09 17:38:06 [WARN]: Login failed: Invalid password for email: dangkhoa2k30@gmail.com
2025-04-09 17:38:06 [INFO]: Login attempt for email: dangkhoa2k30@gmail.com
2025-04-09 17:38:06 [WARN]: Login failed: Invalid password for email: dangkhoa2k30@gmail.com
2025-04-09 17:38:06 [INFO]: Login attempt for email: dangkhoa2k30@gmail.com
2025-04-09 17:38:06 [WARN]: Login failed: Invalid password for email: dangkhoa2k30@gmail.com
2025-04-09 17:38:06 [INFO]: Login attempt for email: dangkhoa2k30@gmail.com
2025-04-09 17:38:07 [WARN]: Login failed: Invalid password for email: dangkhoa2k30@gmail.com
2025-04-09 17:38:07 [INFO]: Login attempt for email: dangkhoa2k30@gmail.com
2025-04-09 17:38:07 [WARN]: Login failed: Invalid password for email: dangkhoa2k30@gmail.com
2025-04-09 17:38:07 [INFO]: Login attempt for email: dangkhoa2k30@gmail.com
2025-04-09 17:38:07 [WARN]: Login failed: Invalid password for email: dangkhoa2k30@gmail.com
2025-04-09 17:38:07 [INFO]: Login attempt for email: dangkhoa2k30@gmail.com
2025-04-09 17:38:08 [WARN]: Login failed: Invalid password for email: dangkhoa2k30@gmail.com
2025-04-09 17:38:08 [INFO]: Login attempt for email: dangkhoa2k30@gmail.com
2025-04-09 17:38:08 [WARN]: Login failed: Invalid password for email: dangkhoa2k30@gmail.com
2025-04-09 17:38:08 [INFO]: Login attempt for email: dangkhoa2k30@gmail.com
2025-04-09 17:38:08 [WARN]: Login failed: Invalid password for email: dangkhoa2k30@gmail.com
2025-04-09 17:38:09 [INFO]: Login attempt for email: dangkhoa2k30@gmail.com
2025-04-09 17:38:09 [WARN]: Login failed: Invalid password for email: dangkhoa2k30@gmail.com
2025-04-09 17:38:09 [INFO]: Login attempt for email: dangkhoa2k30@gmail.com
2025-04-09 17:38:09 [WARN]: Login failed: Invalid password for email: dangkhoa2k30@gmail.com
2025-04-09 17:38:09 [INFO]: Login attempt for email: dangkhoa2k30@gmail.com
2025-04-09 17:38:09 [WARN]: Login failed: Invalid password for email: dangkhoa2k30@gmail.com
2025-04-09 17:38:10 [INFO]: Login attempt for email: dangkhoa2k30@gmail.com
2025-04-09 17:38:10 [WARN]: Login failed: Invalid password for email: dangkhoa2k30@gmail.com
2025-04-09 17:38:10 [INFO]: Login attempt for email: dangkhoa2k30@gmail.com
2025-04-09 17:38:10 [WARN]: Login failed: Invalid password for email: dangkhoa2k30@gmail.com
2025-04-09 17:38:10 [INFO]: Login attempt for email: dangkhoa2k30@gmail.com
2025-04-09 17:38:11 [WARN]: Login failed: Invalid password for email: dangkhoa2k30@gmail.com
2025-04-09 17:38:11 [INFO]: Login attempt for email: dangkhoa2k30@gmail.com
2025-04-09 17:38:11 [WARN]: Login failed: Invalid password for email: dangkhoa2k30@gmail.com
2025-04-09 17:38:11 [INFO]: Login attempt for email: dangkhoa2k30@gmail.com
2025-04-09 17:38:12 [WARN]: Login failed: Invalid password for email: dangkhoa2k30@gmail.com
2025-04-09 17:38:12 [INFO]: Login attempt for email: dangkhoa2k30@gmail.com
2025-04-09 17:38:12 [WARN]: Login failed: Invalid password for email: dangkhoa2k30@gmail.com
2025-04-09 17:38:15 [INFO]: Login attempt for email: dangkhoa2k30@gmail.com
2025-04-09 17:38:16 [WARN]: Login failed: Invalid password for email: dangkhoa2k30@gmail.com
